<?xml version="1.0" encoding="utf-8"?><testsuite errors="0" failures="0" name="pytest" skips="0" tests="8" time="34.756"><testcase classname="tests.test_default" file="tests/test_default.py" line="8" name="test_jenkins_user[ansible://instance]" time="1.36858701706"></testcase><testcase classname="tests.test_default" file="tests/test_default.py" line="12" name="test_service[ansible://instance]" time="1.26879525185"></testcase><testcase classname="tests.test_default" file="tests/test_default.py" line="18" name="test_jenkins_port[ansible://instance]" time="0.317794799805"></testcase><testcase classname="tests.test_default" file="tests/test_default.py" line="22" name="test_jenkins_jobs[ansible://instance]" time="1.86263489723"></testcase><testcase classname="tests.test_default" file="tests/test_default.py" line="33" name="test_sonar_container_is_up[ansible://instance]" time="0.311265945435"></testcase><testcase classname="tests.test_default" file="tests/test_default.py" line="37" name="test_jenkins_pip_dependecies[ansible://instance]" time="0.934039354324"></testcase><testcase classname="tests.test_default" file="tests/test_default.py" line="45" name="test_jenkins_dependacies[ansible://instance]" time="2.23047089577"></testcase><testcase classname="tests.test_default" file="tests/test_default.py" line="51" name="test_jenkins_plugins[ansible://instance]" time="26.3304212093"></testcase></testsuite>